[2026-04-29 09:21:57] [INFO] ==================================================
[2026-04-29 09:21:57] [INFO] 节点启动: node_2
[2026-04-29 09:21:57] [INFO] 监听: D:\bnos_new\BNOS---Bionic-Neural-Network-Visual-Orchestration-Platform\nodes\node_1\output.json
[2026-04-29 09:21:57] [INFO] 过滤: {}
[2026-04-29 09:21:57] [INFO] 当前环境: 独立虚拟环境
[2026-04-29 09:21:57] [INFO] ==================================================
[2026-04-29 09:24:01] [INFO] ==================================================
[2026-04-29 09:24:01] [INFO] 节点启动: node_2
[2026-04-29 09:24:01] [INFO] 监听: D:\bnos_new\BNOS---Bionic-Neural-Network-Visual-Orchestration-Platform\nodes\node_1\output.json
[2026-04-29 09:24:01] [INFO] 过滤: {}
[2026-04-29 09:24:01] [INFO] 当前环境: 独立虚拟环境
[2026-04-29 09:24:01] [INFO] ==================================================
[2026-04-29 09:32:10] [INFO] ==================================================
[2026-04-29 09:32:10] [INFO] 节点启动: node_2
[2026-04-29 09:32:10] [INFO] 监听: D:\bnos_new\BNOS---Bionic-Neural-Network-Visual-Orchestration-Platform\nodes\node_1\output.json
[2026-04-29 09:32:10] [INFO] 过滤: {}
[2026-04-29 09:32:10] [INFO] 当前环境: 独立虚拟环境
[2026-04-29 09:32:10] [INFO] ==================================================
[2026-04-29 09:55:50] [INFO] ==================================================
[2026-04-29 09:55:50] [INFO] 节点启动: node_2
[2026-04-29 09:55:50] [INFO] 监听: D:\bnos_new\BNOS---Bionic-Neural-Network-Visual-Orchestration-Platform\nodes\node_1\output.json
[2026-04-29 09:55:50] [INFO] 过滤: {}
[2026-04-29 09:55:50] [INFO] 当前环境: 独立虚拟环境
[2026-04-29 09:55:50] [INFO] ==================================================
